{
  "stats": {
    "suites": 1,
    "tests": 2,
    "passes": 2,
    "pending": 0,
    "failures": 0,
    "start": "2025-08-27T05:09:00.307Z",
    "end": "2025-08-27T05:09:02.186Z",
    "duration": 1879,
    "testsRegistered": 2,
    "passPercent": 100,
    "pendingPercent": 0,
    "other": 0,
    "hasOther": false,
    "skipped": 0,
    "hasSkipped": false
  },
  "results": [
    {
      "uuid": "616627ed-7ee3-4bc2-baab-e793d388d0d0",
      "title": "",
      "fullFile": "cypress/e2e/service-creation.spec.ts",
      "file": "cypress/e2e/service-creation.spec.ts",
      "beforeHooks": [],
      "afterHooks": [],
      "tests": [],
      "suites": [
        {
          "uuid": "8c5a47f2-3394-40a1-8635-6b6164d27121",
          "title": "template spec",
          "fullFile": "",
          "file": "",
          "beforeHooks": [],
          "afterHooks": [],
          "tests": [
            {
              "title": "passes",
              "fullTitle": "template spec passes",
              "timedOut": null,
              "duration": 387,
              "state": "passed",
              "speed": "fast",
              "pass": true,
              "fail": false,
              "pending": false,
              "context": null,
              "code": "cy.visit('http://localhost:8002/workspaces');",
              "err": {},
              "uuid": "195abf4f-8ef5-4483-9cae-86387a1fc3cf",
              "parentUUID": "8c5a47f2-3394-40a1-8635-6b6164d27121",
              "isHook": false,
              "skipped": false
            },
            {
              "title": "service",
              "fullTitle": "template spec service",
              "timedOut": null,
              "duration": 1478,
              "state": "passed",
              "speed": "fast",
              "pass": true,
              "fail": false,
              "pending": false,
              "context": null,
              "code": "cy.get('.workspace-name').click();\ncy.get('[data-testid=\"sidebar-item-gateway-services\"] > .sidebar-item-link > .sidebar-item-display > .sidebar-item-name-container > .sidebar-item-name').click();\ncy.get('body').then(function ($body) {\n    if ($body.find('[data-testid=\"empty-state-action\"]').length) {\n        cy.get('[data-testid=\"empty-state-action\"]').click();\n    }\n    else if ($body.find('[data-testid=\"toolbar-add-gateway-service\"]').length) {\n        cy.get('[data-testid=\"toolbar-add-gateway-service\"]').click();\n    }\n    else {\n        throw new Error('No button found');\n    }\n});\nservices_page_1.default.createService('http://httpbin.konghq.com', 'new-service-1');",
              "err": {},
              "uuid": "4f3d2ed0-7d02-4640-9896-a0c04d1df6ef",
              "parentUUID": "8c5a47f2-3394-40a1-8635-6b6164d27121",
              "isHook": false,
              "skipped": false
            }
          ],
          "suites": [],
          "passes": [
            "195abf4f-8ef5-4483-9cae-86387a1fc3cf",
            "4f3d2ed0-7d02-4640-9896-a0c04d1df6ef"
          ],
          "failures": [],
          "pending": [],
          "skipped": [],
          "duration": 1865,
          "root": false,
          "rootEmpty": false,
          "_timeout": 2000
        }
      ],
      "passes": [],
      "failures": [],
      "pending": [],
      "skipped": [],
      "duration": 0,
      "root": true,
      "rootEmpty": true,
      "_timeout": 2000
    }
  ],
  "meta": {
    "mocha": {
      "version": "7.0.1"
    },
    "mochawesome": {
      "options": {
        "quiet": false,
        "reportFilename": "mochawesome",
        "saveHtml": true,
        "saveJson": true,
        "consoleReporter": "spec",
        "useInlineDiffs": false,
        "code": true
      },
      "version": "7.1.3"
    },
    "marge": {
      "options": {
        "reportDir": "cypress/reporter"
      },
      "version": "6.2.0"
    }
  }
}